<?xml version="1.0" encoding="UTF-8"?>
<!-- Generated by org.testng.reporters.JUnitReportReporter -->
<testsuite hostname="ICS-LTP-VELSEL" failures="0" tests="1" name="testCases.TC_004_SearchProductTest" time="0.645" errors="0" timestamp="2023-12-29T22:31:08 NZDT" skipped="0">
  <testcase classname="testCases.TC_004_SearchProductTest" name="verify_pruductSearch" time="0.645"/>
</testsuite> <!-- testCases.TC_004_SearchProductTest -->
